<?xml version='1.0' encoding='UTF-8'?>
<testsuite hostname="cu-biot-4-10.203.142.96.int.colorado.edu" name="edu.colorado.csci3155.project1.StackMachineTest" tests="5" errors="0" failures="0" skipped="0" time="0.011" timestamp="2023-03-17T20:42:24">
                     <properties>
[...]
</properties>
                     <testcase classname="edu.colorado.csci3155.project1.StackMachineTest" name="stack machine test 1" time="0.007">
                                                 
                                               </testcase><testcase classname="edu.colorado.csci3155.project1.StackMachineTest" name="stack machine test 2" time="0.002">
                                                 
                                               </testcase><testcase classname="edu.colorado.csci3155.project1.StackMachineTest" name="stack machine test 3" time="0.002">
                                                 
                                               </testcase><testcase classname="edu.colorado.csci3155.project1.StackMachineTest" name="stack machine test 4" time="0.0">
                                                 
                                               </testcase><testcase classname="edu.colorado.csci3155.project1.StackMachineTest" name="stack machine test 5" time="0.0">
                                                 
                                               </testcase>
                     <system-out><![CDATA[]]></system-out>
                     <system-err><![CDATA[]]></system-err>
                   </testsuite>